[2023-02-21T16:59:28.528Z] POST /auth/login
[2023-02-21T17:00:33.468Z] POST /auth/login
[2023-02-21T17:02:21.763Z] POST /auth/login
[2023-02-21T17:02:28.197Z] POST /auth/login
[2023-02-21T17:07:46.868Z] POST /auth/login
[2023-02-21T17:08:26.987Z] POST /auth/login
[2023-02-21T17:08:58.965Z] POST /auth/login
[2023-02-21T17:09:29.983Z] POST /auth/login
[2023-02-21T17:10:39.183Z] POST /auth/login
[2023-02-21T17:12:01.548Z] POST /auth/login
[2023-02-21T17:14:54.962Z] POST /auth/login
[2023-02-21T17:15:37.021Z] POST /auth/login
[2023-02-21T17:17:03.137Z] POST /auth/login
[2023-02-21T17:18:17.360Z] POST /auth/login
[2023-02-21T17:21:40.612Z] POST /auth/login
[2023-02-21T17:23:44.198Z] GET /auth/author
[2023-02-21T17:25:25.562Z] GET /auth/author/sx8h40wqeko2yaim7ce9q
[2023-02-21T17:25:44.249Z] GET /auth/author/:sx8h40wqeko2yaim7ce9q
[2023-02-21T17:25:53.036Z] GET /auth/author/sx8h40wqeko2yaim7ce9q
[2023-02-21T17:26:23.920Z] GET /auth/author/:sx8h40wqeko2yaim7ce9q
[2023-02-21T17:26:42.184Z] GET /auth/author/%22sx8h40wqeko2yaim7ce9q%22
[2023-02-21T17:28:06.578Z] GET /auth/author/?id=sx8h40wqeko2yaim7ce9q
[2023-02-21T17:29:13.672Z] GET /auth/author/?id=sx8h40wqeko2yaim7ce9q
[2023-02-21T17:29:52.496Z] GET /auth/author/?id=sx8h40wqeko2yaim7ce9q
[2023-02-21T17:30:06.821Z] GET /auth/author/?id=sx8h40wqeko2yaim7ce9q
[2023-02-21T17:30:28.968Z] GET /auth/author/?id=sx8h40wqeko2yaim7ce9q
[2023-02-21T17:31:15.194Z] GET /auth/author/?id=sx8h40wqeko2yaim7ce9q
[2023-02-21T17:31:55.634Z] GET /auth/author/?id=sx8h40wqeko2yaim7ce9q
[2023-02-21T17:33:29.467Z] GET /auth/author/?id=sx8h40wqeko2yaim7ce9q
[2023-02-21T17:33:51.879Z] GET /auth/author/?id=sx8h40wqeko2yaim7ce9q
[2023-02-21T17:34:56.603Z] GET /auth/author/id=sx8h40wqeko2yaim7ce9q
[2023-02-21T17:35:33.762Z] GET /auth/author/id=sx8h40wqeko2yaim7ce9q
[2023-02-21T17:35:54.993Z] GET /auth/author/id=sx8h40wqeko2yaim7ce9q
[2023-02-21T17:38:17.994Z] POST /auth/login
[2023-02-21T17:38:22.734Z] GET /auth/author
[2023-02-21T17:38:24.638Z] GET /auth/author
[2023-02-21T17:38:53.727Z] GET /auth/author/?id=fsrpvtnldfqcyn0vlbg7y4
[2023-02-21T17:39:18.274Z] POST /auth/login
[2023-02-21T17:39:23.740Z] GET /auth/author
[2023-02-21T17:39:40.381Z] GET /auth/author/?id=nj5jm8nyd11941by98i44
[2023-02-21T17:39:54.132Z] GET /auth/author/?id=nj5jm8nyd11941by98i44
[2023-02-21T17:40:07.435Z] GET /auth/author/?id=nj5jm8nyd11941by98i44
[2023-02-21T17:42:14.928Z] GET /auth/author/?id=nj5jm8nyd11941by98i44
[2023-02-21T17:42:22.440Z] GET /auth/author
[2023-02-21T17:42:27.784Z] POST /auth/login
[2023-02-21T17:42:37.318Z] POST /auth/login
[2023-02-21T17:42:45.646Z] POST /auth/login
[2023-02-21T17:42:49.763Z] GET /auth/author
[2023-02-21T17:43:19.550Z] GET /auth/author
[2023-02-21T17:43:23.688Z] POST /auth/login
[2023-02-21T17:43:33.419Z] POST /auth/login
[2023-02-21T17:43:39.422Z] POST /auth/login
[2023-02-21T17:43:43.629Z] GET /auth/author
[2023-02-21T17:44:01.151Z] GET /auth/author/?id=5nlx7lj22fkbws93nwsek
[2023-02-21T17:52:58.734Z] POST /auth/login
[2023-02-21T17:53:05.718Z] POST /auth/login
[2023-02-21T17:53:12.073Z] POST /auth/login
[2023-02-21T17:56:11.993Z] POST /auth/login
[2023-02-21T17:56:27.607Z] GET /auth/author
[2023-02-21T17:56:40.794Z] POST /auth/login
[2023-02-21T17:56:44.677Z] GET /auth/author
[2023-02-21T17:56:52.663Z] POST /auth/login
[2023-02-21T17:56:56.545Z] GET /auth/author
[2023-02-21T17:57:10.645Z] GET /auth/author/?id=mke1m4gs773g52afs6z38
[2023-02-21T17:58:38.890Z] GET /auth/author/?id=mke1m4gs773g52afs6z38
[2023-02-21T18:01:27.721Z] GET /auth/author/?id=mke1m4gs773g52afs6z38
[2023-02-21T18:01:51.755Z] GET /auth/author
[2023-02-21T18:01:57.580Z] POST /auth/login
[2023-02-21T18:02:03.390Z] POST /auth/login
[2023-02-21T18:02:10.839Z] POST /auth/login
[2023-02-21T18:02:14.878Z] GET /auth/author
[2023-02-21T18:02:36.394Z] GET /auth/author/?id=b49g2v5zwisx5g6z80dek
[2023-02-21T18:04:53.071Z] GET /auth/author/?id=b49g2v5zwisx5g6z80dek
[2023-02-21T18:04:58.666Z] GET /auth/author
[2023-02-21T18:05:04.183Z] POST /auth/login
[2023-02-21T18:05:09.640Z] POST /auth/login
[2023-02-21T18:05:13.151Z] GET /auth/author
[2023-02-21T18:05:29.936Z] GET /auth/author/?id=1m1v5sc3t3lkwdbe5n9le
[2023-02-21T18:07:34.066Z] GET /auth/author
[2023-02-21T18:07:52.103Z] GET /auth/author/?id=123&=
[2023-02-21T18:08:16.796Z] GET /auth/author
[2023-02-21T18:08:43.894Z] GET /auth/author/?id=a61am3ac7eqexfab82augg&=
[2023-02-21T18:10:07.688Z] GET /auth/author/?id=a61am3ac7eqexfab82augg&=
[2023-02-21T18:10:51.841Z] POST /auth/login
[2023-02-21T18:11:10.384Z] POST /auth/login
[2023-02-21T18:19:06.001Z] POST /auth/login
[2023-02-21T18:20:16.601Z] POST /auth/login
[2023-02-21T18:20:23.653Z] POST /auth/login
[2023-02-21T18:20:40.345Z] POST /auth/login
[2023-02-21T18:20:55.908Z] POST /auth/login
[2023-02-21T18:21:02.923Z] GET /auth/author
[2023-02-21T18:22:33.105Z] GET /auth/author
[2023-02-21T18:22:34.568Z] GET /auth/author
[2023-02-21T18:22:42.430Z] GET /auth/author
[2023-02-21T18:22:43.549Z] GET /auth/author
[2023-02-21T18:22:44.814Z] GET /auth/author
[2023-02-21T18:22:49.310Z] POST /auth/login
[2023-02-21T18:22:52.785Z] GET /auth/author
[2023-02-21T18:22:54.290Z] GET /auth/author
[2023-02-21T18:22:58.704Z] POST /auth/login
[2023-02-21T18:23:07.275Z] GET /auth/author
[2023-02-21T18:23:10.859Z] GET /auth/author
[2023-02-21T18:23:11.383Z] GET /auth/author
[2023-02-21T18:23:39.397Z] POST /auth/login
[2023-02-21T18:23:43.537Z] GET /auth/author
[2023-02-21T18:24:30.445Z] GET /auth/author
[2023-02-21T18:24:41.548Z] GET /auth/author
[2023-02-21T18:24:51.105Z] GET /auth/author
[2023-02-21T18:24:56.791Z] POST /auth/login
[2023-02-21T18:25:01.916Z] POST /auth/login
[2023-02-21T18:25:05.453Z] GET /auth/author
[2023-02-22T04:06:06.679Z] GET /auth/author
[2023-02-22T04:06:16.996Z] POST /auth/login
[2023-02-22T04:06:23.823Z] POST /auth/login
[2023-02-22T04:06:31.234Z] GET /auth/author
[2023-02-22T04:06:47.700Z] GET /auth/author/?id=0sh29w36l4gdkf3e68l1ai&=
[2023-02-22T04:09:43.930Z] GET /auth/author/?id=0sh29w36l4gdkf3e68l1ai&=
[2023-02-22T04:09:49.039Z] GET /auth/author
[2023-02-22T04:10:23.140Z] POST /auth/login
[2023-02-22T04:10:29.349Z] POST /auth/login
[2023-02-22T04:10:39.417Z] POST /auth/login
[2023-02-22T04:10:44.524Z] GET /auth/author
[2023-02-22T04:10:55.439Z] GET /auth/author/?id=bpxmx350677g7n7v5wx07r&=
[2023-02-22T04:14:55.105Z] GET /auth/author
[2023-02-22T04:14:59.851Z] POST /auth/login
[2023-02-22T04:15:05.178Z] POST /auth/login
[2023-02-22T04:15:09.704Z] GET /auth/author
[2023-02-22T04:15:29.888Z] GET /auth/author/?id=pfbh4dvm44qxhyhzdjiqi&=
[2023-02-22T04:16:16.118Z] POST /auth/login
[2023-02-22T04:16:23.220Z] POST /auth/login
[2023-02-22T04:16:28.249Z] GET /auth/author
[2023-02-22T04:16:37.922Z] GET /auth/author/?id=jnd1iqsaxb4u0oqhzy4vt&=
[2023-02-22T04:17:06.097Z] GET /auth/author/?id=jnd1iqsaxb4u0oqhzy4vt&=
[2023-02-22T04:17:41.807Z] GET /auth/author/?id=jnd1iqsaxb4u0oqhzy4vt&=
[2023-02-22T04:17:45.907Z] POST /auth/login
[2023-02-22T04:17:50.012Z] POST /auth/login
[2023-02-22T04:17:53.983Z] GET /auth/author
[2023-02-22T04:18:09.028Z] GET /auth/author/?id=ylebh7ug0bnf5gfhy2jt5r&=
[2023-02-22T04:19:04.205Z] GET /auth/author/ylebh7ug0bnf5gfhy2jt5r
[2023-02-22T04:20:50.690Z] GET /auth/author/ylebh7ug0bnf5gfhy2jt5r
[2023-02-22T04:20:56.701Z] POST /auth/login
[2023-02-22T04:21:06.388Z] GET /auth/author/15rj5ridlwpazcgjfa237s
[2023-02-22T04:23:24.282Z] POST /auth/author/15rj5ridlwpazcgjfa237s
[2023-02-22T04:23:50.264Z] POST /auth/author/15rj5ridlwpazcgjfa237s
[2023-02-22T04:24:02.435Z] POST /auth/author/15rj5ridlwpazcgjfa237s
[2023-02-22T04:24:10.089Z] POST /auth/author/15rj5ridlwpazcgjfa237s
[2023-02-22T04:24:11.776Z] POST /auth/author/15rj5ridlwpazcgjfa237s
[2023-02-22T04:24:22.553Z] GET /auth/author/ylebh7ug0bnf5gfhy2jt5r
[2023-02-22T04:24:27.408Z] GET /auth/author
[2023-02-22T04:24:30.918Z] GET /auth/author
[2023-02-22T04:24:38.597Z] POST /auth/login
[2023-02-22T04:24:42.633Z] GET /auth/author
[2023-02-22T04:24:54.003Z] GET /auth/author/15rj5ridlwpazcgjfa237s
[2023-02-22T04:25:06.915Z] POST /auth/author/15rj5ridlwpazcgjfa237s
[2023-02-22T04:25:35.687Z] POST /auth/author/15rj5ridlwpazcgjfa237s
[2023-02-22T04:25:45.295Z] GET /auth/author
[2023-02-22T04:25:49.799Z] GET /auth/author/15rj5ridlwpazcgjfa237s
[2023-02-22T04:26:52.309Z] PATCH /auth/author/15rj5ridlwpazcgjfa237s
[2023-02-22T04:26:58.618Z] GET /auth/author/15rj5ridlwpazcgjfa237s
[2023-02-22T04:28:06.911Z] DELETE /auth/author/15rj5ridlwpazcgjfa237s
[2023-02-22T04:28:28.790Z] GET /auth/author
[2023-02-22T09:28:08.074Z] POST /auth/login
[2023-02-22T09:29:50.473Z] POST /book/book
[2023-02-22T09:30:01.460Z] POST /book/book
[2023-02-22T09:30:12.859Z] POST /book/book
[2023-02-22T09:30:23.929Z] POST /book/book
[2023-02-22T09:31:03.742Z] POST /book/book
[2023-02-22T09:31:09.826Z] POST /book/book
[2023-02-22T09:37:04.228Z] POST /book/book
[2023-02-22T09:37:09.409Z] POST /book/book
[2023-02-22T09:37:23.660Z] POST /book/book
[2023-02-22T09:37:30.412Z] POST /book/book
[2023-02-22T09:39:12.351Z] GET /book/book
[2023-02-22T09:47:32.658Z] GET /book/book/_4xhj4vr1u
[2023-02-22T09:49:27.359Z] PATCH /book/book/_4xhj4vr1u
[2023-02-22T09:51:10.433Z] PATCH /book/book/_4xhj4vr1u
[2023-02-22T09:51:15.976Z] GET /book/book
[2023-02-22T09:51:22.648Z] POST /book/book
[2023-02-22T09:53:53.709Z] POST /auth/login
[2023-02-22T09:54:47.618Z] POST /book/book
[2023-02-22T09:55:18.759Z] GET /book/book
[2023-02-22T09:55:54.024Z] GET /book/book/_29i567wbk
[2023-02-22T09:56:33.269Z] DELETE /book/book/_29i567wbk
